<?xml version="1.0" encoding="utf-8"?><testsuite errors="0" failures="0" name="pytest" skips="0" tests="6" time="0.401"><testcase classname="pytests.test_index" file="pytests/test_index.py" line="10" name="test_conda_environment_activated" time="0.0017387866973876953"></testcase><testcase classname="pytests.test_index" file="pytests/test_index.py" line="13" name="test_number_of_destinations_func" time="0.0007338523864746094"></testcase><testcase classname="pytests.test_index" file="pytests/test_index.py" line="18" name="test_next_up_func" time="0.0006940364837646484"></testcase><testcase classname="pytests.test_index" file="pytests/test_index.py" line="23" name="test_favorite_destination_func" time="0.0006921291351318359"></testcase><testcase classname="pytests.test_index" file="pytests/test_index.py" line="27" name="test_add_favorite_destination_func" time="0.0007412433624267578"></testcase><testcase classname="pytests.test_index" file="pytests/test_index.py" line="33" name="test_capitalize_countries_func" time="0.0007317066192626953"></testcase></testsuite>